2023-07-04 00:54:30.186 [info] Log level: Info
2023-07-04 00:54:30.186 [info] Validating found git in: "git"
2023-07-04 00:54:30.186 [info] Using git "2.34.1" from "git"
2023-07-04 00:54:30.186 [info] > git rev-parse --show-toplevel [78ms]
2023-07-04 00:54:30.254 [info] > git rev-parse --git-dir --git-common-dir [37ms]
2023-07-04 00:54:30.290 [info] Open repository: /home/gabriellsf9/Web-Course
2023-07-04 00:54:30.352 [info] > git rev-parse --show-toplevel [43ms]
2023-07-04 00:54:30.394 [info] > git rev-parse --show-toplevel [29ms]
2023-07-04 00:54:30.446 [info] > git config --get commit.template [118ms]
2023-07-04 00:54:30.450 [info] > git rev-parse --show-toplevel [6ms]
2023-07-04 00:54:30.553 [info] > git rev-parse --show-toplevel [83ms]
2023-07-04 00:54:30.623 [info] > git rev-parse --show-toplevel [23ms]
2023-07-04 00:54:30.683 [info] > git rev-parse --show-toplevel [43ms]
2023-07-04 00:54:30.780 [info] > git for-each-ref --format=%(refname)%00%(upstream:short)%00%(objectname)%00%(upstream:track)%00%(upstream:remotename)%00%(upstream:remoteref) refs/heads/main refs/remotes/main [232ms]
2023-07-04 00:54:30.827 [info] > git rev-parse --show-toplevel [92ms]
2023-07-04 00:54:30.840 [info] > git rev-parse --show-toplevel [4ms]
2023-07-04 00:54:30.880 [info] > git rev-parse --show-toplevel [21ms]
2023-07-04 00:54:30.929 [info] > git check-ignore -v -z --stdin [11ms]
2023-07-04 00:54:30.932 [info] > git rev-parse --show-toplevel [37ms]
2023-07-04 00:54:31.149 [info] > git status -z -uall [347ms]
2023-07-04 00:54:31.149 [info] > git show --textconv :.env.example [153ms]
2023-07-04 00:54:31.233 [info] > git ls-files --stage -- /home/gabriellsf9/Web-Course/.env.example [228ms]
2023-07-04 00:54:31.439 [info] > git config --get commit.template [171ms]
2023-07-04 00:54:32.210 [info] > git for-each-ref --format=%(refname)%00%(upstream:short)%00%(objectname)%00%(upstream:track)%00%(upstream:remotename)%00%(upstream:remoteref) refs/heads/main refs/remotes/main [190ms]
2023-07-04 00:54:32.240 [info] > git status -z -uall [18ms]
2023-07-04 08:53:02.509 [info] > git check-ignore -v -z --stdin [4ms]
2023-07-04 08:53:11.207 [info] > git check-ignore -v -z --stdin [2ms]
2023-07-04 08:53:15.535 [info] > git check-ignore -v -z --stdin [1ms]
2023-07-04 08:53:20.213 [info] > git check-ignore -v -z --stdin [1ms]
2023-07-04 08:53:30.413 [info] > git check-ignore -v -z --stdin [2ms]
2023-07-04 08:53:32.709 [info] > git check-ignore -v -z --stdin [1ms]
2023-07-04 08:53:40.437 [info] > git show --textconv :routes/web.php [32ms]
2023-07-04 08:53:40.458 [info] > git ls-files --stage -- /home/gabriellsf9/Web-Course/routes/web.php [34ms]
2023-07-04 08:53:54.977 [info] > git check-ignore -v -z --stdin [2ms]
2023-07-04 08:53:59.352 [info] > git check-ignore -v -z --stdin [1ms]
2023-07-04 08:55:26.483 [info] > git check-ignore -v -z --stdin [2ms]
2023-07-04 08:55:28.933 [info] > git check-ignore -v -z --stdin [2ms]
2023-07-04 08:55:38.277 [info] > git show --textconv :resources/views/welcome.blade.php [26ms]
2023-07-04 08:55:38.279 [info] > git ls-files --stage -- /home/gabriellsf9/Web-Course/resources/views/welcome.blade.php [10ms]
2023-07-04 08:56:11.214 [info] > git show --textconv :resources/views/Products.php [9ms]
2023-07-04 08:56:11.219 [info] > git ls-files --stage -- /home/gabriellsf9/Web-Course/resources/views/Products.php [8ms]
2023-07-04 08:56:11.411 [info] > git check-ignore -v -z --stdin [3ms]
2023-07-04 08:56:11.762 [info] > git config --get commit.template [14ms]
2023-07-04 08:56:11.764 [info] > git for-each-ref --format=%(refname)%00%(upstream:short)%00%(objectname)%00%(upstream:track)%00%(upstream:remotename)%00%(upstream:remoteref) refs/heads/main refs/remotes/main [4ms]
2023-07-04 08:56:11.772 [info] > git status -z -uall [3ms]
2023-07-04 08:56:49.247 [info] > git check-ignore -v -z --stdin [2ms]
2023-07-04 08:56:51.753 [info] > git check-ignore -v -z --stdin [1ms]
2023-07-04 08:56:56.785 [info] > git check-ignore -v -z --stdin [2ms]
2023-07-04 08:57:05.663 [info] > git check-ignore -v -z --stdin [2ms]
2023-07-04 08:57:12.751 [info] > git check-ignore -v -z --stdin [2ms]
2023-07-04 11:20:02.707 [info] > git check-ignore -v -z --stdin [1ms]
2023-07-04 11:20:07.554 [info] > git show --textconv :database/migrations/2014_10_12_000000_create_users_table.php [16ms]
2023-07-04 11:20:07.565 [info] > git ls-files --stage -- /home/gabriellsf9/Web-Course/database/migrations/2014_10_12_000000_create_users_table.php [12ms]
2023-07-04 11:22:24.388 [info] > git check-ignore -v -z --stdin [2ms]
2023-07-04 11:22:28.424 [info] > git show --textconv :app/Models/User.php [6ms]
2023-07-04 11:22:28.428 [info] > git ls-files --stage -- /home/gabriellsf9/Web-Course/app/Models/User.php [5ms]
2023-07-04 11:23:38.588 [info] > git config --get commit.template [7ms]
2023-07-04 11:23:38.589 [info] > git for-each-ref --format=%(refname)%00%(upstream:short)%00%(objectname)%00%(upstream:track)%00%(upstream:remotename)%00%(upstream:remoteref) refs/heads/main refs/remotes/main [5ms]
2023-07-04 11:23:38.598 [info] > git status -z -uall [3ms]
