2024-01-23 22:03:56.489 [info] Log level: Info
2024-01-23 22:03:56.489 [info] Validating found git in: "git"
2024-01-23 22:03:56.489 [info] Using git "2.34.1" from "git"
2024-01-23 22:03:56.489 [info] > git rev-parse --show-toplevel [143ms]
2024-01-23 22:03:56.489 [info] > git rev-parse --git-dir --git-common-dir [6ms]
2024-01-23 22:03:56.489 [info] Open repository: /home/gabriellsf9
2024-01-23 22:03:56.640 [info] > git rev-parse --show-toplevel [103ms]
2024-01-23 22:03:56.644 [info] > git config --get commit.template [127ms]
2024-01-23 22:03:56.741 [info] No remotes found in the git config file.
2024-01-23 22:03:56.773 [info] > git rev-parse --show-toplevel [108ms]
2024-01-23 22:03:56.809 [info] > git for-each-ref --format=%(refname)%00%(upstream:short)%00%(objectname)%00%(upstream:track)%00%(upstream:remotename)%00%(upstream:remoteref) refs/heads/master refs/remotes/master [77ms]
2024-01-23 22:03:56.857 [info] > git rev-parse --show-toplevel [62ms]
2024-01-23 22:03:56.903 [info] > git rev-parse --show-toplevel [19ms]
2024-01-23 22:03:56.954 [info] > git rev-parse --show-toplevel [10ms]
2024-01-23 22:03:57.050 [info] > git rev-parse --show-toplevel [65ms]
2024-01-23 22:03:57.090 [info] > git rev-parse --show-toplevel [26ms]
2024-01-23 22:03:57.111 [info] > git rev-parse --git-dir --git-common-dir [11ms]
2024-01-23 22:03:57.153 [info] Open repository: /home/gabriellsf9/Web-Course
2024-01-23 22:03:57.269 [info] > git check-ignore -v -z --stdin [90ms]
2024-01-23 22:03:57.285 [info] > git rev-parse --show-toplevel [71ms]
2024-01-23 22:03:57.287 [info] > git config --get commit.template [84ms]
2024-01-23 22:03:57.345 [info] > git rev-parse --show-toplevel [36ms]
2024-01-23 22:03:57.411 [info] > git rev-parse --show-toplevel [43ms]
2024-01-23 22:03:57.412 [info] > git for-each-ref --format=%(refname)%00%(upstream:short)%00%(objectname)%00%(upstream:track)%00%(upstream:remotename)%00%(upstream:remoteref) refs/heads/main refs/remotes/main [73ms]
2024-01-23 22:03:57.446 [warning] ENOENT: no such file or directory, open '/home/gabriellsf9/Web-Course/.git/refs/remotes/origin/main'
2024-01-23 22:03:57.535 [info] > git rev-parse refs/remotes/origin/main [93ms]
2024-01-23 22:03:57.549 [info] > git rev-parse --git-dir --git-common-dir [118ms]
2024-01-23 22:03:57.565 [info] Open repository: /home/gabriellsf9/hdcevents
2024-01-23 22:03:57.641 [info] > git rev-parse --show-toplevel [33ms]
2024-01-23 22:03:57.642 [info] > git config --get commit.template [54ms]
2024-01-23 22:03:57.709 [info] > git status -z -uall [160ms]
2024-01-23 22:03:57.710 [info] > git rev-parse --show-toplevel [36ms]
2024-01-23 22:03:57.848 [info] > git rev-parse --git-dir --git-common-dir [121ms]
2024-01-23 22:03:57.885 [info] Open repository: /home/gabriellsf9/marketplace
2024-01-23 22:03:57.907 [info] > git for-each-ref --format=%(refname)%00%(upstream:short)%00%(objectname)%00%(upstream:track)%00%(upstream:remotename)%00%(upstream:remoteref) refs/heads/main refs/remotes/main [219ms]
2024-01-23 22:03:58.155 [info] > git config --get commit.template [333ms]
2024-01-23 22:03:58.172 [info] > git config --get commit.template [40ms]
2024-01-23 22:03:58.222 [info] > git for-each-ref --format=%(refname)%00%(upstream:short)%00%(objectname)%00%(upstream:track)%00%(upstream:remotename)%00%(upstream:remoteref) refs/heads/main refs/remotes/main [37ms]
2024-01-23 22:03:58.240 [warning] ENOENT: no such file or directory, open '/home/gabriellsf9/Web-Course/.git/refs/remotes/origin/main'
2024-01-23 22:03:58.244 [info] > git rev-parse refs/remotes/origin/main [3ms]
2024-01-23 22:03:58.261 [info] > git status -z -uall [7ms]
2024-01-23 22:03:58.305 [info] > git status -z -uall [87ms]
2024-01-23 22:03:58.484 [info] > git for-each-ref --format=%(refname)%00%(upstream:short)%00%(objectname)%00%(upstream:track)%00%(upstream:remotename)%00%(upstream:remoteref) refs/heads/feature/M6-create-product-page refs/remotes/feature/M6-create-product-page [281ms]
2024-01-23 22:03:58.485 [info] > git config --get commit.template [124ms]
2024-01-23 22:03:58.500 [info] > git for-each-ref --format=%(refname)%00%(upstream:short)%00%(objectname)%00%(upstream:track)%00%(upstream:remotename)%00%(upstream:remoteref) refs/heads/main refs/remotes/main [27ms]
2024-01-23 22:03:58.540 [info] > git status -z -uall [14ms]
2024-01-23 22:03:58.707 [info] > git check-ignore -v -z --stdin [46ms]
2024-01-23 22:03:58.709 [info] > git check-ignore -v -z --stdin [34ms]
2024-01-23 22:03:58.710 [info] > git check-ignore -v -z --stdin [20ms]
2024-01-23 22:03:58.712 [info] > git check-ignore -v -z --stdin [7ms]
2024-01-23 22:03:58.724 [info] > git status -z -uall [213ms]
2024-01-23 22:03:58.784 [info] > git config --get commit.template [12ms]
2024-01-23 22:03:58.807 [info] > git for-each-ref --format=%(refname)%00%(upstream:short)%00%(objectname)%00%(upstream:track)%00%(upstream:remotename)%00%(upstream:remoteref) refs/heads/feature/M6-create-product-page refs/remotes/feature/M6-create-product-page [5ms]
2024-01-23 22:03:58.847 [info] > git status -z -uall [26ms]
2024-01-23 22:04:00.264 [info] > git status -z -uall [3423ms]
2024-01-23 22:04:03.307 [info] > git config --get commit.template [302ms]
2024-01-23 22:04:03.576 [info] No remotes found in the git config file.
2024-01-23 22:04:03.663 [info] > git for-each-ref --format=%(refname)%00%(upstream:short)%00%(objectname)%00%(upstream:track)%00%(upstream:remotename)%00%(upstream:remoteref) refs/heads/master refs/remotes/master [89ms]
2024-01-23 22:04:04.138 [info] > git status -z -uall [463ms]
2024-01-23 22:04:07.341 [info] > git check-ignore -v -z --stdin [229ms]
2024-01-23 22:04:15.232 [info] > git config --get commit.template [4ms]
2024-01-23 22:04:15.249 [info] No remotes found in the git config file.
2024-01-23 22:04:15.252 [info] > git for-each-ref --format=%(refname)%00%(upstream:short)%00%(objectname)%00%(upstream:track)%00%(upstream:remotename)%00%(upstream:remoteref) refs/heads/master refs/remotes/master [3ms]
2024-01-23 22:04:15.472 [info] > git status -z -uall [207ms]
