2023-06-29 21:51:06.553 [info] Log level: Info
2023-06-29 21:51:06.553 [info] Validating found git in: "git"
2023-06-29 21:51:06.553 [info] Using git "2.34.1" from "git"
2023-06-29 21:51:06.553 [info] > git rev-parse --show-toplevel [255ms]
2023-06-29 21:51:06.553 [info] > git rev-parse --git-dir --git-common-dir [7ms]
2023-06-29 21:51:06.553 [info] Open repository: /home/gabriellsf9/Web-Course
2023-06-29 21:51:06.553 [info] > git rev-parse --show-toplevel [63ms]
2023-06-29 21:51:06.553 [info] > git config --get commit.template [44ms]
2023-06-29 21:51:06.553 [info] > git rev-parse --show-toplevel [28ms]
2023-06-29 21:51:06.553 [info] > git rev-parse --show-toplevel [49ms]
2023-06-29 21:51:06.553 [info] > git rev-parse --show-toplevel [9ms]
2023-06-29 21:51:06.553 [info] > git rev-parse --show-toplevel [14ms]
2023-06-29 21:51:06.553 [info] > git rev-parse --show-toplevel [5ms]
2023-06-29 21:51:06.553 [info] > git rev-parse --show-toplevel [9ms]
2023-06-29 21:51:06.553 [info] > git for-each-ref --format=%(refname)%00%(upstream:short)%00%(objectname)%00%(upstream:track)%00%(upstream:remotename)%00%(upstream:remoteref) refs/heads/main refs/remotes/main [190ms]
2023-06-29 21:51:06.554 [info] > git rev-parse --show-toplevel [56ms]
2023-06-29 21:51:06.554 [info] > git rev-parse --show-toplevel [13ms]
2023-06-29 21:51:06.554 [info] > git rev-parse --show-toplevel [3ms]
2023-06-29 21:51:06.554 [info] > git status -z -uall [266ms]
2023-06-29 21:51:06.554 [info] > git config --get commit.template [421ms]
2023-06-29 21:51:06.554 [info] > git for-each-ref --format=%(refname)%00%(upstream:short)%00%(objectname)%00%(upstream:track)%00%(upstream:remotename)%00%(upstream:remoteref) refs/heads/main refs/remotes/main [17ms]
2023-06-29 21:51:06.554 [info] > git status -z -uall [13ms]
2023-06-29 21:51:06.556 [info] > git check-ignore -v -z --stdin [36ms]
2023-06-29 22:06:55.471 [info] > git config --get commit.template [8ms]
2023-06-29 22:06:55.504 [info] > git for-each-ref --format=%(refname)%00%(upstream:short)%00%(objectname)%00%(upstream:track)%00%(upstream:remotename)%00%(upstream:remoteref) refs/heads/main refs/remotes/main [6ms]
2023-06-29 22:06:55.544 [info] > git status -z -uall [13ms]
2023-06-29 22:07:00.632 [info] > git config --get commit.template [24ms]
2023-06-29 22:07:00.635 [info] > git for-each-ref --format=%(refname)%00%(upstream:short)%00%(objectname)%00%(upstream:track)%00%(upstream:remotename)%00%(upstream:remoteref) refs/heads/main refs/remotes/main [10ms]
2023-06-29 22:07:00.665 [info] > git status -z -uall [3ms]
