2023-06-30 08:23:21.920 [info] Log level: Info
2023-06-30 08:23:21.920 [info] Validating found git in: "git"
2023-06-30 08:23:21.920 [info] Using git "2.34.1" from "git"
2023-06-30 08:23:21.920 [info] > git rev-parse --show-toplevel [96ms]
2023-06-30 08:23:21.920 [info] > git rev-parse --git-dir --git-common-dir [3ms]
2023-06-30 08:23:21.920 [info] Open repository: /home/gabriellsf9/Web-Course
2023-06-30 08:23:21.920 [info] > git rev-parse --show-toplevel [33ms]
2023-06-30 08:23:21.920 [info] > git rev-parse --show-toplevel [27ms]
2023-06-30 08:23:21.920 [info] > git config --get commit.template [98ms]
2023-06-30 08:23:21.920 [info] > git rev-parse --show-toplevel [4ms]
2023-06-30 08:23:21.920 [info] > git rev-parse --show-toplevel [18ms]
2023-06-30 08:23:21.920 [info] > git rev-parse --show-toplevel [4ms]
2023-06-30 08:23:21.920 [info] > git rev-parse --show-toplevel [18ms]
2023-06-30 08:23:21.920 [info] > git rev-parse --show-toplevel [14ms]
2023-06-30 08:23:21.920 [info] > git rev-parse --show-toplevel [8ms]
2023-06-30 08:23:21.920 [info] > git rev-parse --show-toplevel [2ms]
2023-06-30 08:23:21.921 [info] > git rev-parse --show-toplevel [2ms]
2023-06-30 08:23:21.921 [info] > git for-each-ref --format=%(refname)%00%(upstream:short)%00%(objectname)%00%(upstream:track)%00%(upstream:remotename)%00%(upstream:remoteref) refs/heads/main refs/remotes/main [279ms]
2023-06-30 08:23:22.037 [info] > git status -z -uall [136ms]
2023-06-30 08:23:22.718 [info] > git config --get commit.template [559ms]
2023-06-30 08:23:23.171 [info] > git check-ignore -v -z --stdin [429ms]
2023-06-30 08:23:23.176 [info] > git for-each-ref --format=%(refname)%00%(upstream:short)%00%(objectname)%00%(upstream:track)%00%(upstream:remotename)%00%(upstream:remoteref) refs/heads/main refs/remotes/main [78ms]
2023-06-30 08:23:23.199 [info] > git status -z -uall [2ms]
