0 verbose cli [ '/usr/bin/node', '/usr/bin/npm', 'list', '-g', '--depth=0' ]
1 info using npm@8.5.1
2 info using node@v12.22.9
3 timing npm:load:whichnode Completed in 0ms
4 timing config:load:defaults Completed in 3ms
5 timing config:load:file:/usr/share/nodejs/npm/npmrc Completed in 6ms
6 timing config:load:builtin Completed in 6ms
7 timing config:load:cli Completed in 4ms
8 timing config:load:env Completed in 1ms
9 timing config:load:project Completed in 3ms
10 timing config:load:file:/home/gabriellsf9/.npmrc Completed in 0ms
11 timing config:load:user Completed in 0ms
12 timing config:load:file:/etc/npmrc Completed in 0ms
13 timing config:load:global Completed in 0ms
14 timing config:load:validate Completed in 1ms
15 timing config:load:credentials Completed in 1ms
16 timing config:load:setEnvs Completed in 1ms
17 timing config:load Completed in 23ms
18 timing npm:load:configload Completed in 23ms
19 timing npm:load:setTitle Completed in 0ms
20 timing config:load:flatten Completed in 7ms
21 timing npm:load:display Completed in 10ms
22 verbose logfile /home/gabriellsf9/.npm/_logs/2024-01-24T01_38_06_134Z-debug-0.log
23 timing npm:load:logFile Completed in 11ms
24 timing npm:load:timers Completed in 1ms
25 timing npm:load:configScope Completed in 0ms
26 timing npm:load Completed in 49ms
27 timing arborist:ctor Completed in 2ms
28 silly logfile start cleaning logs, removing 2 files
29 timing command:list Completed in 45ms
30 verbose exit 0
31 timing npm Completed in 506ms
32 info ok
