0 verbose cli /home/gabriellsf9/.nvm/versions/node/v18.0.0/bin/node /home/gabriellsf9/.nvm/versions/node/v18.0.0/bin/npm
1 info using npm@8.6.0
2 info using node@v18.0.0
3 timing npm:load:whichnode Completed in 0ms
4 timing config:load:defaults Completed in 3ms
5 timing config:load:file:/home/gabriellsf9/.nvm/versions/node/v18.0.0/lib/node_modules/npm/npmrc Completed in 2ms
6 timing config:load:builtin Completed in 3ms
7 timing config:load:cli Completed in 2ms
8 timing config:load:env Completed in 0ms
9 timing config:load:file:/home/gabriellsf9/cobranca/.npmrc Completed in 0ms
10 timing config:load:project Completed in 16ms
11 timing config:load:file:/home/gabriellsf9/.npmrc Completed in 0ms
12 timing config:load:user Completed in 1ms
13 timing config:load:file:/home/gabriellsf9/.nvm/versions/node/v18.0.0/etc/npmrc Completed in 0ms
14 timing config:load:global Completed in 0ms
15 timing config:load:validate Completed in 0ms
16 timing config:load:credentials Completed in 2ms
17 timing config:load:setEnvs Completed in 1ms
18 timing config:load Completed in 28ms
19 timing npm:load:configload Completed in 29ms
20 timing npm:load:mkdirpcache Completed in 2ms
21 timing npm:load:mkdirplogs Completed in 1ms
22 verbose title npm install
23 verbose argv "install"
24 timing npm:load:setTitle Completed in 2ms
25 timing config:load:flatten Completed in 5ms
26 timing npm:load:display Completed in 8ms
27 verbose logfile logs-max:10 dir:/home/gabriellsf9/.npm/_logs
28 verbose logfile /home/gabriellsf9/.npm/_logs/2024-01-24T01_40_49_894Z-debug-0.log
29 timing npm:load:logFile Completed in 8ms
30 timing npm:load:timers Completed in 0ms
31 timing npm:load:configScope Completed in 0ms
32 timing npm:load Completed in 52ms
33 timing arborist:ctor Completed in 1ms
34 silly logfile start cleaning logs, removing 3 files
35 silly logfile done cleaning log files
36 timing idealTree:init Completed in 140ms
37 timing idealTree:userRequests Completed in 0ms
38 silly idealTree buildDeps
39 timing idealTree:#root Completed in 0ms
40 timing idealTree:buildDeps Completed in 3ms
41 timing idealTree:fixDepFlags Completed in 1ms
42 timing idealTree Completed in 150ms
43 timing arborist:ctor Completed in 0ms
44 timing reify:loadTrees Completed in 187ms
45 timing reify:diffTrees Completed in 8ms
46 silly reify moves {}
47 timing reify:retireShallow Completed in 2ms
48 timing reify:createSparse Completed in 26ms
49 timing reify:loadBundles Completed in 0ms
50 silly audit bulk request {
50 silly audit   '@esbuild/aix-ppc64': [ '0.19.12' ],
50 silly audit   '@esbuild/android-arm': [ '0.19.12' ],
50 silly audit   '@esbuild/android-arm64': [ '0.19.12' ],
50 silly audit   '@esbuild/android-x64': [ '0.19.12' ],
50 silly audit   '@esbuild/darwin-arm64': [ '0.19.12' ],
50 silly audit   '@esbuild/darwin-x64': [ '0.19.12' ],
50 silly audit   '@esbuild/freebsd-arm64': [ '0.19.12' ],
50 silly audit   '@esbuild/freebsd-x64': [ '0.19.12' ],
50 silly audit   '@esbuild/linux-arm': [ '0.19.12' ],
50 silly audit   '@esbuild/linux-arm64': [ '0.19.12' ],
50 silly audit   '@esbuild/linux-ia32': [ '0.19.12' ],
50 silly audit   '@esbuild/linux-loong64': [ '0.19.12' ],
50 silly audit   '@esbuild/linux-mips64el': [ '0.19.12' ],
50 silly audit   '@esbuild/linux-ppc64': [ '0.19.12' ],
50 silly audit   '@esbuild/linux-riscv64': [ '0.19.12' ],
50 silly audit   '@esbuild/linux-s390x': [ '0.19.12' ],
50 silly audit   '@esbuild/linux-x64': [ '0.19.12' ],
50 silly audit   '@esbuild/netbsd-x64': [ '0.19.12' ],
50 silly audit   '@esbuild/openbsd-x64': [ '0.19.12' ],
50 silly audit   '@esbuild/sunos-x64': [ '0.19.12' ],
50 silly audit   '@esbuild/win32-arm64': [ '0.19.12' ],
50 silly audit   '@esbuild/win32-ia32': [ '0.19.12' ],
50 silly audit   '@esbuild/win32-x64': [ '0.19.12' ],
50 silly audit   '@popperjs/core': [ '2.11.8' ],
50 silly audit   '@rollup/rollup-android-arm-eabi': [ '4.9.6' ],
50 silly audit   '@rollup/rollup-android-arm64': [ '4.9.6' ],
50 silly audit   '@rollup/rollup-darwin-arm64': [ '4.9.6' ],
50 silly audit   '@rollup/rollup-darwin-x64': [ '4.9.6' ],
50 silly audit   '@rollup/rollup-linux-arm-gnueabihf': [ '4.9.6' ],
50 silly audit   '@rollup/rollup-linux-arm64-gnu': [ '4.9.6' ],
50 silly audit   '@rollup/rollup-linux-arm64-musl': [ '4.9.6' ],
50 silly audit   '@rollup/rollup-linux-riscv64-gnu': [ '4.9.6' ],
50 silly audit   '@rollup/rollup-linux-x64-gnu': [ '4.9.6' ],
50 silly audit   '@rollup/rollup-linux-x64-musl': [ '4.9.6' ],
50 silly audit   '@rollup/rollup-win32-arm64-msvc': [ '4.9.6' ],
50 silly audit   '@rollup/rollup-win32-ia32-msvc': [ '4.9.6' ],
50 silly audit   '@rollup/rollup-win32-x64-msvc': [ '4.9.6' ],
50 silly audit   '@types/estree': [ '1.0.5' ],
50 silly audit   anymatch: [ '3.1.3' ],
50 silly audit   asynckit: [ '0.4.0' ],
50 silly audit   axios: [ '1.6.5' ],
50 silly audit   'binary-extensions': [ '2.2.0' ],
50 silly audit   bootstrap: [ '5.3.2' ],
50 silly audit   braces: [ '3.0.2' ],
50 silly audit   chokidar: [ '3.5.3' ],
50 silly audit   'combined-stream': [ '1.0.8' ],
50 silly audit   'delayed-stream': [ '1.0.0' ],
50 silly audit   esbuild: [ '0.19.12' ],
50 silly audit   'fill-range': [ '7.0.1' ],
50 silly audit   'follow-redirects': [ '1.15.5' ],
50 silly audit   'form-data': [ '4.0.0' ],
50 silly audit   fsevents: [ '2.3.3' ],
50 silly audit   'glob-parent': [ '5.1.2' ],
50 silly audit   immutable: [ '4.3.4' ],
50 silly audit   'is-binary-path': [ '2.1.0' ],
50 silly audit   'is-extglob': [ '2.1.1' ],
50 silly audit   'is-glob': [ '4.0.3' ],
50 silly audit   'is-number': [ '7.0.0' ],
50 silly audit   'laravel-vite-plugin': [ '1.0.1' ],
50 silly audit   'mime-db': [ '1.52.0' ],
50 silly audit   'mime-types': [ '2.1.35' ],
50 silly audit   nanoid: [ '3.3.7' ],
50 silly audit   'normalize-path': [ '3.0.0' ],
50 silly audit   picocolors: [ '1.0.0' ],
50 silly audit   picomatch: [ '2.3.1' ],
50 silly audit   postcss: [ '8.4.33' ],
50 silly audit   'proxy-from-env': [ '1.1.0' ],
50 silly audit   readdirp: [ '3.6.0' ],
50 silly audit   rollup: [ '4.9.6' ],
50 silly audit   sass: [ '1.70.0' ],
50 silly audit   'source-map-js': [ '1.0.2' ],
50 silly audit   'to-regex-range': [ '5.0.1' ],
50 silly audit   vite: [ '5.0.12' ],
50 silly audit   'vite-plugin-full-reload': [ '1.1.0' ]
50 silly audit }
51 verbose reify failed optional dependency /home/gabriellsf9/cobranca/node_modules/fsevents
52 silly reify mark deleted [ '/home/gabriellsf9/cobranca/node_modules/fsevents' ]
53 verbose reify failed optional dependency /home/gabriellsf9/cobranca/node_modules/@rollup/rollup-win32-x64-msvc
54 silly reify mark deleted [
54 silly reify   '/home/gabriellsf9/cobranca/node_modules/@rollup/rollup-win32-x64-msvc'
54 silly reify ]
55 verbose reify failed optional dependency /home/gabriellsf9/cobranca/node_modules/@rollup/rollup-win32-ia32-msvc
56 silly reify mark deleted [
56 silly reify   '/home/gabriellsf9/cobranca/node_modules/@rollup/rollup-win32-ia32-msvc'
56 silly reify ]
57 verbose reify failed optional dependency /home/gabriellsf9/cobranca/node_modules/@rollup/rollup-win32-arm64-msvc
58 silly reify mark deleted [
58 silly reify   '/home/gabriellsf9/cobranca/node_modules/@rollup/rollup-win32-arm64-msvc'
58 silly reify ]
59 verbose reify failed optional dependency /home/gabriellsf9/cobranca/node_modules/@rollup/rollup-linux-riscv64-gnu
60 silly reify mark deleted [
60 silly reify   '/home/gabriellsf9/cobranca/node_modules/@rollup/rollup-linux-riscv64-gnu'
60 silly reify ]
61 verbose reify failed optional dependency /home/gabriellsf9/cobranca/node_modules/@rollup/rollup-linux-arm64-musl
62 silly reify mark deleted [
62 silly reify   '/home/gabriellsf9/cobranca/node_modules/@rollup/rollup-linux-arm64-musl'
62 silly reify ]
63 verbose reify failed optional dependency /home/gabriellsf9/cobranca/node_modules/@rollup/rollup-linux-arm64-gnu
64 silly reify mark deleted [
64 silly reify   '/home/gabriellsf9/cobranca/node_modules/@rollup/rollup-linux-arm64-gnu'
64 silly reify ]
65 verbose reify failed optional dependency /home/gabriellsf9/cobranca/node_modules/@rollup/rollup-linux-arm-gnueabihf
66 silly reify mark deleted [
66 silly reify   '/home/gabriellsf9/cobranca/node_modules/@rollup/rollup-linux-arm-gnueabihf'
66 silly reify ]
67 verbose reify failed optional dependency /home/gabriellsf9/cobranca/node_modules/@rollup/rollup-darwin-x64
68 silly reify mark deleted [ '/home/gabriellsf9/cobranca/node_modules/@rollup/rollup-darwin-x64' ]
69 verbose reify failed optional dependency /home/gabriellsf9/cobranca/node_modules/@rollup/rollup-darwin-arm64
70 silly reify mark deleted [
70 silly reify   '/home/gabriellsf9/cobranca/node_modules/@rollup/rollup-darwin-arm64'
70 silly reify ]
71 verbose reify failed optional dependency /home/gabriellsf9/cobranca/node_modules/@rollup/rollup-android-arm64
72 silly reify mark deleted [
72 silly reify   '/home/gabriellsf9/cobranca/node_modules/@rollup/rollup-android-arm64'
72 silly reify ]
73 verbose reify failed optional dependency /home/gabriellsf9/cobranca/node_modules/@rollup/rollup-android-arm-eabi
74 silly reify mark deleted [
74 silly reify   '/home/gabriellsf9/cobranca/node_modules/@rollup/rollup-android-arm-eabi'
74 silly reify ]
75 verbose reify failed optional dependency /home/gabriellsf9/cobranca/node_modules/@esbuild/win32-x64
76 silly reify mark deleted [ '/home/gabriellsf9/cobranca/node_modules/@esbuild/win32-x64' ]
77 verbose reify failed optional dependency /home/gabriellsf9/cobranca/node_modules/@esbuild/win32-ia32
78 silly reify mark deleted [ '/home/gabriellsf9/cobranca/node_modules/@esbuild/win32-ia32' ]
79 verbose reify failed optional dependency /home/gabriellsf9/cobranca/node_modules/@esbuild/win32-arm64
80 silly reify mark deleted [ '/home/gabriellsf9/cobranca/node_modules/@esbuild/win32-arm64' ]
81 verbose reify failed optional dependency /home/gabriellsf9/cobranca/node_modules/@esbuild/sunos-x64
82 silly reify mark deleted [ '/home/gabriellsf9/cobranca/node_modules/@esbuild/sunos-x64' ]
83 verbose reify failed optional dependency /home/gabriellsf9/cobranca/node_modules/@esbuild/openbsd-x64
84 silly reify mark deleted [ '/home/gabriellsf9/cobranca/node_modules/@esbuild/openbsd-x64' ]
85 verbose reify failed optional dependency /home/gabriellsf9/cobranca/node_modules/@esbuild/netbsd-x64
86 silly reify mark deleted [ '/home/gabriellsf9/cobranca/node_modules/@esbuild/netbsd-x64' ]
87 verbose reify failed optional dependency /home/gabriellsf9/cobranca/node_modules/@esbuild/linux-s390x
88 silly reify mark deleted [ '/home/gabriellsf9/cobranca/node_modules/@esbuild/linux-s390x' ]
89 verbose reify failed optional dependency /home/gabriellsf9/cobranca/node_modules/@esbuild/linux-riscv64
90 silly reify mark deleted [ '/home/gabriellsf9/cobranca/node_modules/@esbuild/linux-riscv64' ]
91 verbose reify failed optional dependency /home/gabriellsf9/cobranca/node_modules/@esbuild/linux-ppc64
92 silly reify mark deleted [ '/home/gabriellsf9/cobranca/node_modules/@esbuild/linux-ppc64' ]
93 verbose reify failed optional dependency /home/gabriellsf9/cobranca/node_modules/@esbuild/linux-mips64el
94 silly reify mark deleted [ '/home/gabriellsf9/cobranca/node_modules/@esbuild/linux-mips64el' ]
95 verbose reify failed optional dependency /home/gabriellsf9/cobranca/node_modules/@esbuild/linux-loong64
96 silly reify mark deleted [ '/home/gabriellsf9/cobranca/node_modules/@esbuild/linux-loong64' ]
97 verbose reify failed optional dependency /home/gabriellsf9/cobranca/node_modules/@esbuild/linux-ia32
98 silly reify mark deleted [ '/home/gabriellsf9/cobranca/node_modules/@esbuild/linux-ia32' ]
99 verbose reify failed optional dependency /home/gabriellsf9/cobranca/node_modules/@esbuild/linux-arm64
100 silly reify mark deleted [ '/home/gabriellsf9/cobranca/node_modules/@esbuild/linux-arm64' ]
101 verbose reify failed optional dependency /home/gabriellsf9/cobranca/node_modules/@esbuild/linux-arm
102 silly reify mark deleted [ '/home/gabriellsf9/cobranca/node_modules/@esbuild/linux-arm' ]
103 verbose reify failed optional dependency /home/gabriellsf9/cobranca/node_modules/@esbuild/freebsd-x64
104 silly reify mark deleted [ '/home/gabriellsf9/cobranca/node_modules/@esbuild/freebsd-x64' ]
105 verbose reify failed optional dependency /home/gabriellsf9/cobranca/node_modules/@esbuild/freebsd-arm64
106 silly reify mark deleted [ '/home/gabriellsf9/cobranca/node_modules/@esbuild/freebsd-arm64' ]
107 verbose reify failed optional dependency /home/gabriellsf9/cobranca/node_modules/@esbuild/darwin-x64
108 silly reify mark deleted [ '/home/gabriellsf9/cobranca/node_modules/@esbuild/darwin-x64' ]
109 verbose reify failed optional dependency /home/gabriellsf9/cobranca/node_modules/@esbuild/darwin-arm64
110 silly reify mark deleted [ '/home/gabriellsf9/cobranca/node_modules/@esbuild/darwin-arm64' ]
111 verbose reify failed optional dependency /home/gabriellsf9/cobranca/node_modules/@esbuild/android-x64
112 silly reify mark deleted [ '/home/gabriellsf9/cobranca/node_modules/@esbuild/android-x64' ]
113 verbose reify failed optional dependency /home/gabriellsf9/cobranca/node_modules/@esbuild/android-arm64
114 silly reify mark deleted [ '/home/gabriellsf9/cobranca/node_modules/@esbuild/android-arm64' ]
115 verbose reify failed optional dependency /home/gabriellsf9/cobranca/node_modules/@esbuild/android-arm
116 silly reify mark deleted [ '/home/gabriellsf9/cobranca/node_modules/@esbuild/android-arm' ]
117 verbose reify failed optional dependency /home/gabriellsf9/cobranca/node_modules/@esbuild/aix-ppc64
118 silly reify mark deleted [ '/home/gabriellsf9/cobranca/node_modules/@esbuild/aix-ppc64' ]
119 timing reifyNode:node_modules/fsevents Completed in 147ms
120 timing reifyNode:node_modules/@rollup/rollup-win32-x64-msvc Completed in 148ms
121 timing reifyNode:node_modules/@rollup/rollup-win32-ia32-msvc Completed in 147ms
122 timing reifyNode:node_modules/@rollup/rollup-win32-arm64-msvc Completed in 147ms
123 timing reifyNode:node_modules/@rollup/rollup-linux-riscv64-gnu Completed in 147ms
124 timing reifyNode:node_modules/@rollup/rollup-linux-arm64-musl Completed in 148ms
125 timing reifyNode:node_modules/@rollup/rollup-linux-arm64-gnu Completed in 148ms
126 timing reifyNode:node_modules/@rollup/rollup-linux-arm-gnueabihf Completed in 147ms
127 timing reifyNode:node_modules/@rollup/rollup-darwin-x64 Completed in 147ms
128 timing reifyNode:node_modules/@rollup/rollup-darwin-arm64 Completed in 147ms
129 timing reifyNode:node_modules/@rollup/rollup-android-arm64 Completed in 148ms
130 timing reifyNode:node_modules/@rollup/rollup-android-arm-eabi Completed in 148ms
131 timing reifyNode:node_modules/@esbuild/win32-x64 Completed in 148ms
132 timing reifyNode:node_modules/@esbuild/win32-ia32 Completed in 152ms
133 timing reifyNode:node_modules/@esbuild/win32-arm64 Completed in 152ms
134 timing reifyNode:node_modules/@esbuild/sunos-x64 Completed in 152ms
135 timing reifyNode:node_modules/@esbuild/openbsd-x64 Completed in 152ms
136 timing reifyNode:node_modules/@esbuild/netbsd-x64 Completed in 152ms
137 timing reifyNode:node_modules/@esbuild/linux-s390x Completed in 152ms
138 timing reifyNode:node_modules/@esbuild/linux-riscv64 Completed in 152ms
139 timing reifyNode:node_modules/@esbuild/linux-ppc64 Completed in 153ms
140 timing reifyNode:node_modules/@esbuild/linux-mips64el Completed in 153ms
141 timing reifyNode:node_modules/@esbuild/linux-loong64 Completed in 153ms
142 timing reifyNode:node_modules/@esbuild/linux-ia32 Completed in 153ms
143 timing reifyNode:node_modules/@esbuild/linux-arm64 Completed in 152ms
144 timing reifyNode:node_modules/@esbuild/linux-arm Completed in 152ms
145 timing reifyNode:node_modules/@esbuild/freebsd-x64 Completed in 152ms
146 timing reifyNode:node_modules/@esbuild/freebsd-arm64 Completed in 152ms
147 timing reifyNode:node_modules/@esbuild/darwin-x64 Completed in 152ms
148 timing reifyNode:node_modules/@esbuild/darwin-arm64 Completed in 152ms
149 timing reifyNode:node_modules/@esbuild/android-x64 Completed in 152ms
150 timing reifyNode:node_modules/@esbuild/android-arm64 Completed in 153ms
151 timing reifyNode:node_modules/@esbuild/android-arm Completed in 153ms
152 timing reifyNode:node_modules/@esbuild/aix-ppc64 Completed in 153ms
153 timing reify:unpack Completed in 157ms
154 timing reify:unretire Completed in 1ms
155 timing build:queue Completed in 10ms
156 timing build:deps Completed in 10ms
157 timing build Completed in 10ms
158 timing reify:build Completed in 11ms
159 timing reify:trash Completed in 8ms
160 timing reify:save Completed in 23ms
161 http fetch POST 200 https://registry.npmjs.org/-/npm/v1/security/advisories/bulk 999ms
162 timing auditReport:getReport Completed in 1007ms
163 silly audit report {}
164 timing auditReport:init Completed in 0ms
165 timing reify:audit Completed in 1008ms
166 timing reify Completed in 1252ms
167 silly ADD
168 silly ADD
169 silly ADD
170 silly ADD
171 silly ADD
172 silly ADD
173 silly ADD
174 silly ADD
175 silly ADD
176 silly ADD
177 silly ADD
178 silly ADD
179 silly ADD
180 silly ADD
181 silly ADD
182 silly ADD
183 silly ADD
184 silly ADD
185 silly ADD
186 silly ADD
187 silly ADD
188 silly ADD
189 silly ADD
190 silly ADD
191 silly ADD
192 silly ADD
193 silly ADD
194 silly ADD
195 silly ADD
196 silly ADD
197 silly ADD
198 silly ADD
199 silly ADD
200 silly ADD
201 timing command:install Completed in 1272ms
202 verbose exit 0
203 timing npm Completed in 1423ms
204 info ok
