2024-01-23 22:05:51.316 [info] Extension host with pid 2383 started
2024-01-23 22:05:51.574 [info] ExtensionService#_doActivateExtension vscode.git-base, startup: true, activationEvent: '*', root cause: vscode.git
2024-01-23 22:05:51.652 [info] ExtensionService#_doActivateExtension vscode.npm, startup: true, activationEvent: 'workspaceContains:package.json'
2024-01-23 22:05:52.094 [info] Lock '/home/gabriellsf9/.vscode-server/data/User/workspaceStorage/6ba18dd5e0fd817a6be1d39574d7e838/vscode.lock': Lock acquired.
2024-01-23 22:05:52.281 [info] ExtensionService#_doActivateExtension vscode.git, startup: true, activationEvent: '*'
2024-01-23 22:05:52.283 [info] ExtensionService#_doActivateExtension vscode.github, startup: true, activationEvent: '*'
2024-01-23 22:05:55.941 [warning] [Decorations] CAPPING events from decorations provider vscode.git 6003
2024-01-23 22:05:59.893 [info] Eager extensions activated
2024-01-23 22:05:59.895 [info] ExtensionService#_doActivateExtension vscode.debug-auto-launch, startup: false, activationEvent: 'onStartupFinished'
2024-01-23 22:05:59.896 [info] ExtensionService#_doActivateExtension vscode.merge-conflict, startup: false, activationEvent: 'onStartupFinished'
2024-01-23 22:06:00.986 [warning] [Decorations] CAPPING events from decorations provider vscode.git 6005
2024-01-23 22:07:10.143 [warning] [Decorations] CAPPING events from decorations provider vscode.git 6005
2024-01-23 22:07:15.552 [warning] [Decorations] CAPPING events from decorations provider vscode.git 6005
2024-01-23 22:07:20.805 [warning] [Decorations] CAPPING events from decorations provider vscode.git 6005
2024-01-23 22:07:25.689 [info] ExtensionService#_doActivateExtension vscode.emmet, startup: false, activationEvent: 'onLanguage'
2024-01-23 22:07:26.450 [warning] [Decorations] CAPPING events from decorations provider vscode.git 6005
2024-01-23 22:07:32.207 [warning] [Decorations] CAPPING events from decorations provider vscode.git 6005
2024-01-23 22:07:35.918 [info] ExtensionService#_doActivateExtension vscode.php-language-features, startup: false, activationEvent: 'onLanguage:php'
2024-01-23 22:07:37.466 [warning] [Decorations] CAPPING events from decorations provider vscode.git 6005
2024-01-23 22:07:42.714 [warning] [Decorations] CAPPING events from decorations provider vscode.git 6005
2024-01-23 22:07:47.959 [warning] [Decorations] CAPPING events from decorations provider vscode.git 6005
2024-01-23 22:07:53.376 [warning] [Decorations] CAPPING events from decorations provider vscode.git 6005
2024-01-23 22:07:58.665 [warning] [Decorations] CAPPING events from decorations provider vscode.git 6005
2024-01-23 22:08:03.918 [warning] [Decorations] CAPPING events from decorations provider vscode.git 6005
2024-01-23 22:08:09.177 [warning] [Decorations] CAPPING events from decorations provider vscode.git 6005
2024-01-23 22:08:14.739 [warning] [Decorations] CAPPING events from decorations provider vscode.git 6005
2024-01-23 22:08:20.049 [warning] [Decorations] CAPPING events from decorations provider vscode.git 6005
2024-01-23 22:08:25.346 [warning] [Decorations] CAPPING events from decorations provider vscode.git 6005
2024-01-23 22:17:57.437 [warning] [Decorations] CAPPING events from decorations provider vscode.git 6008
2024-01-23 22:18:02.743 [warning] [Decorations] CAPPING events from decorations provider vscode.git 6005
2024-01-23 22:18:07.987 [warning] [Decorations] CAPPING events from decorations provider vscode.git 6005
2024-01-23 22:18:13.269 [warning] [Decorations] CAPPING events from decorations provider vscode.git 6005
2024-01-23 22:18:18.511 [warning] [Decorations] CAPPING events from decorations provider vscode.git 6005
2024-01-23 22:18:23.741 [warning] [Decorations] CAPPING events from decorations provider vscode.git 6005
2024-01-23 22:18:28.974 [warning] [Decorations] CAPPING events from decorations provider vscode.git 6005
2024-01-23 22:18:34.208 [warning] [Decorations] CAPPING events from decorations provider vscode.git 6005
2024-01-23 22:18:39.450 [warning] [Decorations] CAPPING events from decorations provider vscode.git 6005
2024-01-23 22:18:44.706 [warning] [Decorations] CAPPING events from decorations provider vscode.git 6005
2024-01-23 22:18:49.946 [warning] [Decorations] CAPPING events from decorations provider vscode.git 6005
2024-01-23 22:18:55.184 [warning] [Decorations] CAPPING events from decorations provider vscode.git 6005
2024-01-23 22:19:00.426 [warning] [Decorations] CAPPING events from decorations provider vscode.git 6005
2024-01-23 22:19:05.668 [warning] [Decorations] CAPPING events from decorations provider vscode.git 6005
2024-01-23 22:19:10.915 [warning] [Decorations] CAPPING events from decorations provider vscode.git 6005
2024-01-23 22:19:16.178 [warning] [Decorations] CAPPING events from decorations provider vscode.git 6005
2024-01-23 22:19:21.444 [warning] [Decorations] CAPPING events from decorations provider vscode.git 6005
2024-01-23 22:19:26.731 [warning] [Decorations] CAPPING events from decorations provider vscode.git 6005
2024-01-23 22:19:31.979 [warning] [Decorations] CAPPING events from decorations provider vscode.git 6005
2024-01-23 22:19:37.242 [warning] [Decorations] CAPPING events from decorations provider vscode.git 6005
2024-01-23 22:19:42.492 [warning] [Decorations] CAPPING events from decorations provider vscode.git 6005
2024-01-23 22:19:47.763 [warning] [Decorations] CAPPING events from decorations provider vscode.git 6005
2024-01-23 22:19:53.005 [warning] [Decorations] CAPPING events from decorations provider vscode.git 6005
2024-01-23 22:19:58.254 [warning] [Decorations] CAPPING events from decorations provider vscode.git 6005
2024-01-23 22:20:03.503 [warning] [Decorations] CAPPING events from decorations provider vscode.git 6005
2024-01-23 22:20:08.780 [warning] [Decorations] CAPPING events from decorations provider vscode.git 6005
2024-01-23 22:20:14.023 [warning] [Decorations] CAPPING events from decorations provider vscode.git 6005
2024-01-23 22:20:19.282 [warning] [Decorations] CAPPING events from decorations provider vscode.git 6005
2024-01-23 22:20:24.532 [warning] [Decorations] CAPPING events from decorations provider vscode.git 6005
2024-01-23 22:20:29.791 [warning] [Decorations] CAPPING events from decorations provider vscode.git 6005
2024-01-23 22:20:38.194 [warning] [Decorations] CAPPING events from decorations provider vscode.git 6005
2024-01-23 22:20:44.850 [warning] [Decorations] CAPPING events from decorations provider vscode.git 6005
2024-01-23 22:20:50.105 [warning] [Decorations] CAPPING events from decorations provider vscode.git 6005
2024-01-23 22:20:55.355 [warning] [Decorations] CAPPING events from decorations provider vscode.git 6005
2024-01-23 22:21:03.682 [warning] [Decorations] CAPPING events from decorations provider vscode.git 6005
2024-01-23 22:28:36.095 [warning] [Decorations] CAPPING events from decorations provider vscode.git 6010
2024-01-23 22:28:47.245 [warning] [Decorations] CAPPING events from decorations provider vscode.git 6005
2024-01-23 22:36:42.159 [warning] [Decorations] CAPPING events from decorations provider vscode.git 6012
2024-01-23 22:36:49.217 [warning] [Decorations] CAPPING events from decorations provider vscode.git 6005
2024-01-23 22:36:55.989 [warning] [Decorations] CAPPING events from decorations provider vscode.git 6005
2024-01-23 22:37:01.313 [warning] [Decorations] CAPPING events from decorations provider vscode.git 6005
2024-01-23 22:37:27.720 [warning] [Decorations] CAPPING events from decorations provider vscode.git 6005
2024-01-23 22:39:51.308 [warning] [Decorations] CAPPING events from decorations provider vscode.git 6009
2024-01-23 22:40:58.738 [info] ExtensionService#_doActivateExtension vscode.tunnel-forwarding, startup: false, activationEvent: 'onTunnel'
2024-01-23 22:41:29.876 [warning] [Decorations] CAPPING events from decorations provider vscode.git 6009
2024-01-23 22:46:09.712 [warning] [Decorations] CAPPING events from decorations provider vscode.git 6004
2024-01-23 22:46:14.962 [warning] [Decorations] CAPPING events from decorations provider vscode.git 6004
2024-01-23 22:46:20.314 [warning] [Decorations] CAPPING events from decorations provider vscode.git 6004
2024-01-23 22:46:25.565 [warning] [Decorations] CAPPING events from decorations provider vscode.git 6004
2024-01-23 22:46:30.803 [warning] [Decorations] CAPPING events from decorations provider vscode.git 6004
2024-01-23 22:46:36.041 [warning] [Decorations] CAPPING events from decorations provider vscode.git 6004
2024-01-23 22:46:41.284 [warning] [Decorations] CAPPING events from decorations provider vscode.git 6004
2024-01-23 22:46:46.527 [warning] [Decorations] CAPPING events from decorations provider vscode.git 6004
2024-01-23 22:46:51.775 [warning] [Decorations] CAPPING events from decorations provider vscode.git 6004
2024-01-23 22:46:57.023 [warning] [Decorations] CAPPING events from decorations provider vscode.git 6004
2024-01-23 22:47:02.345 [warning] [Decorations] CAPPING events from decorations provider vscode.git 6004
2024-01-23 22:47:07.595 [warning] [Decorations] CAPPING events from decorations provider vscode.git 6004
2024-01-23 22:47:12.838 [warning] [Decorations] CAPPING events from decorations provider vscode.git 6004
2024-01-23 22:47:18.084 [warning] [Decorations] CAPPING events from decorations provider vscode.git 6004
2024-01-23 22:47:23.324 [warning] [Decorations] CAPPING events from decorations provider vscode.git 6004
2024-01-23 22:47:28.558 [warning] [Decorations] CAPPING events from decorations provider vscode.git 6004
2024-01-23 22:47:33.803 [warning] [Decorations] CAPPING events from decorations provider vscode.git 6004
2024-01-23 22:47:39.042 [warning] [Decorations] CAPPING events from decorations provider vscode.git 6004
2024-01-23 22:47:44.304 [warning] [Decorations] CAPPING events from decorations provider vscode.git 6004
2024-01-23 22:51:42.266 [warning] [Decorations] CAPPING events from decorations provider vscode.git 6004
2024-01-23 22:51:47.554 [warning] [Decorations] CAPPING events from decorations provider vscode.git 6004
2024-01-23 22:52:08.836 [warning] [Decorations] CAPPING events from decorations provider vscode.git 6004
2024-01-23 22:52:37.068 [warning] [Decorations] CAPPING events from decorations provider vscode.git 6004
2024-01-23 22:52:42.520 [warning] [Decorations] CAPPING events from decorations provider vscode.git 6004
2024-01-23 22:52:58.285 [warning] [Decorations] CAPPING events from decorations provider vscode.git 6004
2024-01-23 22:53:03.528 [warning] [Decorations] CAPPING events from decorations provider vscode.git 6004
2024-01-23 22:53:17.376 [warning] [Decorations] CAPPING events from decorations provider vscode.git 6004
2024-01-23 22:53:22.657 [warning] [Decorations] CAPPING events from decorations provider vscode.git 6004
2024-01-23 22:53:28.236 [warning] [Decorations] CAPPING events from decorations provider vscode.git 6006
2024-01-23 22:53:33.536 [warning] [Decorations] CAPPING events from decorations provider vscode.git 6006
2024-01-23 22:53:38.788 [warning] [Decorations] CAPPING events from decorations provider vscode.git 6006
2024-01-23 22:53:44.139 [warning] [Decorations] CAPPING events from decorations provider vscode.git 6006
2024-01-23 22:54:53.526 [warning] [Decorations] CAPPING events from decorations provider vscode.git 6006
2024-01-23 22:54:58.823 [warning] [Decorations] CAPPING events from decorations provider vscode.git 6006
2024-01-23 22:55:04.129 [warning] [Decorations] CAPPING events from decorations provider vscode.git 6006
2024-01-23 22:55:09.407 [warning] [Decorations] CAPPING events from decorations provider vscode.git 6006
2024-01-23 22:55:14.760 [warning] [Decorations] CAPPING events from decorations provider vscode.git 6006
2024-01-23 22:55:20.053 [warning] [Decorations] CAPPING events from decorations provider vscode.git 6006
2024-01-23 22:55:25.327 [warning] [Decorations] CAPPING events from decorations provider vscode.git 6006
2024-01-23 22:55:30.600 [warning] [Decorations] CAPPING events from decorations provider vscode.git 6006
2024-01-23 22:55:35.845 [warning] [Decorations] CAPPING events from decorations provider vscode.git 6006
2024-01-23 22:55:41.092 [warning] [Decorations] CAPPING events from decorations provider vscode.git 6006
2024-01-23 22:55:46.338 [warning] [Decorations] CAPPING events from decorations provider vscode.git 6006
2024-01-23 22:55:51.584 [warning] [Decorations] CAPPING events from decorations provider vscode.git 6006
2024-01-23 22:55:56.830 [warning] [Decorations] CAPPING events from decorations provider vscode.git 6006
2024-01-23 22:56:02.081 [warning] [Decorations] CAPPING events from decorations provider vscode.git 6006
2024-01-23 22:56:07.333 [warning] [Decorations] CAPPING events from decorations provider vscode.git 6006
2024-01-23 22:56:12.582 [warning] [Decorations] CAPPING events from decorations provider vscode.git 6006
2024-01-23 22:56:17.868 [warning] [Decorations] CAPPING events from decorations provider vscode.git 6006
2024-01-23 22:56:24.170 [warning] [Decorations] CAPPING events from decorations provider vscode.git 6006
2024-01-23 22:56:29.451 [warning] [Decorations] CAPPING events from decorations provider vscode.git 6006
2024-01-23 22:57:51.029 [warning] [Decorations] CAPPING events from decorations provider vscode.git 6006
2024-01-23 22:57:56.285 [warning] [Decorations] CAPPING events from decorations provider vscode.git 6006
2024-01-23 22:58:11.687 [warning] [Decorations] CAPPING events from decorations provider vscode.git 6007
2024-01-23 22:58:45.810 [warning] [Decorations] CAPPING events from decorations provider vscode.git 6007
2024-01-23 22:59:11.252 [warning] [Decorations] CAPPING events from decorations provider vscode.git 6007
2024-01-23 22:59:54.696 [warning] [Decorations] CAPPING events from decorations provider vscode.git 6007
2024-01-23 22:59:59.959 [warning] [Decorations] CAPPING events from decorations provider vscode.git 6007
2024-01-23 23:00:05.220 [warning] [Decorations] CAPPING events from decorations provider vscode.git 6007
2024-01-23 23:00:21.237 [warning] [Decorations] CAPPING events from decorations provider vscode.git 6007
2024-01-23 23:00:30.390 [warning] [Decorations] CAPPING events from decorations provider vscode.git 6007
2024-01-23 23:00:35.924 [warning] [Decorations] CAPPING events from decorations provider vscode.git 6008
2024-01-23 23:00:52.362 [warning] [Decorations] CAPPING events from decorations provider vscode.git 6008
2024-01-23 23:06:47.545 [warning] [Decorations] CAPPING events from decorations provider vscode.git 6009
2024-01-23 23:07:23.178 [warning] [Decorations] CAPPING events from decorations provider vscode.git 6009
