2023-07-02 18:42:40.386 [info] Log level: Info
2023-07-02 18:42:40.386 [info] Validating found git in: "git"
2023-07-02 18:42:40.386 [info] Using git "2.34.1" from "git"
2023-07-02 18:42:40.406 [info] > git rev-parse --show-toplevel [51ms]
2023-07-02 18:42:40.516 [info] > git rev-parse --git-dir --git-common-dir [56ms]
2023-07-02 18:42:40.587 [info] Open repository: /home/gabriellsf9/Web-Course
2023-07-02 18:42:40.687 [info] > git rev-parse --show-toplevel [51ms]
2023-07-02 18:42:40.754 [info] > git rev-parse --show-toplevel [48ms]
2023-07-02 18:42:40.786 [info] > git config --get commit.template [101ms]
2023-07-02 18:42:40.790 [info] > git rev-parse --show-toplevel [6ms]
2023-07-02 18:42:40.861 [info] > git rev-parse --show-toplevel [53ms]
2023-07-02 18:42:40.882 [info] > git rev-parse --show-toplevel [3ms]
2023-07-02 18:42:40.896 [info] > git rev-parse --show-toplevel [6ms]
2023-07-02 18:42:40.921 [info] > git rev-parse --show-toplevel [9ms]
2023-07-02 18:42:40.934 [info] > git rev-parse --show-toplevel [3ms]
2023-07-02 18:42:40.953 [info] > git rev-parse --show-toplevel [12ms]
2023-07-02 18:42:40.970 [info] > git rev-parse --show-toplevel [1ms]
2023-07-02 18:42:41.018 [info] > git for-each-ref --format=%(refname)%00%(upstream:short)%00%(objectname)%00%(upstream:track)%00%(upstream:remotename)%00%(upstream:remoteref) refs/heads/main refs/remotes/main [188ms]
2023-07-02 18:42:41.160 [info] > git status -z -uall [130ms]
2023-07-02 18:42:42.267 [info] > git config --get commit.template [916ms]
2023-07-02 18:42:42.347 [info] > git check-ignore -v -z --stdin [55ms]
2023-07-02 18:42:42.356 [info] > git for-each-ref --format=%(refname)%00%(upstream:short)%00%(objectname)%00%(upstream:track)%00%(upstream:remotename)%00%(upstream:remoteref) refs/heads/main refs/remotes/main [11ms]
2023-07-02 18:42:42.387 [info] > git status -z -uall [14ms]
2023-07-02 18:42:43.530 [info] > git check-ignore -v -z --stdin [2ms]
2023-07-02 18:42:45.792 [info] > git check-ignore -v -z --stdin [1ms]
2023-07-02 18:42:51.284 [info] > git show --textconv :vendor/dflydev/dot-access-data/composer.json [128ms]
2023-07-02 18:42:51.287 [info] > git ls-files --stage -- /home/gabriellsf9/Web-Course/vendor/dflydev/dot-access-data/composer.json [116ms]
2023-07-02 18:43:07.491 [info] > git show --textconv :.env [7ms]
2023-07-02 18:43:07.493 [info] > git ls-files --stage -- /home/gabriellsf9/Web-Course/.env [2ms]
2023-07-02 18:43:26.025 [info] > git show --textconv :.env.example [10ms]
2023-07-02 18:43:26.028 [info] > git ls-files --stage -- /home/gabriellsf9/Web-Course/.env.example [4ms]
